== SAM 🧠 MASTER BUILD (React18 + esbuild) ==
Node: v24.7.0  NPM: 11.5.1
Creando package.json…
Wrote to /Users/diegocantarero/Library/CloudStorage/OneDrive-Personal/Incofemar/IoT/Pagina Web/package.json:

{
  "name": "pagina-web",
  "version": "1.0.0",
  "description": "",
  "main": "index.js",
  "scripts": {
    "test": "echo \"Error: no test specified\" && exit 1"
  },
  "keywords": [],
  "author": "",
  "license": "ISC",
  "type": "commonjs"
}



Instalando react@18 y react-dom@18…

added 5 packages, and audited 6 packages in 3s

found 0 vulnerabilities
0.25.9
Compilando TSX → dist/main.js …
Copiando assets/ → dist/assets/ …
HTTP GET / → 200
HTTP GET /assets/Postpago.png → 200

=== RESUMEN SAM 🧠 ===
Proyecto:   /Users/diegocantarero/Library/CloudStorage/OneDrive-Personal/Incofemar/IoT/Pagina Web
Bundle:     dist/main.js (281688 bytes)
HTML:       dist/index.html
Imagen:    ✓ dist/assets/Postpago.png
Server:     http://127.0.0.1:8000/ (PID=11173)
Logs:       /Users/diegocantarero/Library/CloudStorage/OneDrive-Personal/Incofemar/IoT/Pagina Web/shell-scripts/logs/web_master_run_20250905_203340.log
Errores:    /Users/diegocantarero/Library/CloudStorage/OneDrive-Personal/Incofemar/IoT/Pagina Web/shell-scripts/logs/web_master_err_20250905_203340.log

Criterios:
  - dist/index.html existe:            ✅
  - dist/main.js cargado:              ✅
  - /assets/Postpago.png disponible:   ⚠)
  - Server en 127.0.0.1:8000:         ✅ (abre en el navegador)

TIP: Para detener el server: kill '11173' 2>/dev/null || true
