== SAM 🧠 MASTER BUILD (React18 + esbuild · Warp) ==
Proyecto → /Users/diegocantarero/Library/CloudStorage/OneDrive-Personal/Incofemar/IoT/Pagina Web/Warp
Node: v24.7.0  NPM: 11.5.1
0.25.9
Compilando TSX → dist/main.js …
Copiando assets/ → dist/assets/ …
HTTP GET / → 200
HTTP GET /assets/Postpago.png → 200

=== RESUMEN SAM 🧠 ===
Proyecto:   /Users/diegocantarero/Library/CloudStorage/OneDrive-Personal/Incofemar/IoT/Pagina Web/Warp
Bundle:     dist/main.js (281688 bytes)
HTML:       dist/index.html
Imagen:    ✓ dist/assets/Postpago.png
Server:     http://127.0.0.1:8001/ (PID=12072)
Logs:       /Users/diegocantarero/Library/CloudStorage/OneDrive-Personal/Incofemar/IoT/Pagina Web/Warp/shell-scripts/logs/web_master_run_20250905_205004.log
Errores:    /Users/diegocantarero/Library/CloudStorage/OneDrive-Personal/Incofemar/IoT/Pagina Web/Warp/shell-scripts/logs/web_master_err_20250905_205004.log

Criterios:
  - dist/index.html existe:            ✅
  - dist/main.js cargado:              ✅
  - /assets/Postpago.png disponible:   ✅)
  - Server en 127.0.0.1:8001:         ✅ (abre en el navegador)

TIP: Para detener el server: kill '12072' 2>/dev/null || true
