== SAM 🧠 zsh-safe BUILD START ==
Node: v24.7.0  NPM: 11.5.1
0.25.9
Compilando TSX → /Users/diegocantarero/Library/CloudStorage/OneDrive-Personal/Incofemar/IoT/Pagina Web/Warp/dist/main.js …
Copiando assets/ → /Users/diegocantarero/Library/CloudStorage/OneDrive-Personal/Incofemar/IoT/Pagina Web/Warp/dist/assets/ …
HTTP GET / → 404
HTTP GET /assets/Postpago.png → 404
=== RESUMEN SAM 🧠 (zsh-safe) ===
Proyecto:   /Users/diegocantarero/Library/CloudStorage/OneDrive-Personal/Incofemar/IoT/Pagina Web/Warp
Bundle:     dist/main.js (281688 bytes)
HTML:       dist/index.html
Imagen:     ✓ dist/assets/Postpago.png
Server:     http://127.0.0.1:8000/ (PID=13788)
Logs:       /Users/diegocantarero/Library/CloudStorage/OneDrive-Personal/Incofemar/IoT/Pagina Web/Warp/shell-scripts/logs/web_master_run_20250905_210318.log
Errores:    /Users/diegocantarero/Library/CloudStorage/OneDrive-Personal/Incofemar/IoT/Pagina Web/Warp/shell-scripts/logs/web_master_err_20250905_210318.log

Criterios:
  - dist/index.html existe:            ✅
  - dist/main.js cargado:              ✅
  - /assets/Postpago.png disponible:   ✅
  - Server en 127.0.0.1:8000:         ✅

TIP: Para detener el server: kill "13788" 2>/dev/null || true
